2026-01-13 10:45:02,065 INFO: Подключаемся к API
2026-01-13 10:45:42,876 INFO: Успешно получено 12732 записей: 
2026-01-13 10:45:43,140 INFO: Предобработка данных завершена, подготовлено 12732 записей
2026-01-13 10:47:29,737 INFO: Расчет ежедневной статистики: {'unique_users': 252, 'date': '2026-01-13', 'total_attempts': 12732, 'successful_attempts': 2699, 'run_attempts': 5727, 'submit_attempts': 7005}
2026-01-13 10:47:31,285 INFO: Доступ к Google Sheets получен
2026-01-13 10:47:32,008 INFO: Данные успешно загружены в Google Sheets
2026-01-13 10:48:33,480 INFO: Расчет ежедневной статистики: {'unique_users': 252, 'date': '2026-01-13', 'total_attempts': 12732, 'successful_attempts': 2699, 'run_attempts': 5727, 'submit_attempts': 7005}
2026-01-13 10:48:33,481 ERROR: Ошибка при работе с Google Sheets: [Errno 2] No such file or directory: 'MyKey.json'
2026-01-13 11:06:29,643 INFO: Подключаемся к API
2026-01-13 11:07:12,958 INFO: Успешно получено 12732 записей: 
2026-01-13 11:07:13,217 INFO: Предобработка данных завершена, подготовлено 12732 записей
2026-01-13 12:05:15,428 INFO: Подключаемся к API
2026-01-13 12:05:58,981 INFO: Успешно получено 12732 записей: 
2026-01-13 12:05:59,241 INFO: Предобработка данных завершена, подготовлено 12732 записей
2026-01-13 12:06:30,517 INFO: Расчет ежедневной статистики: {'unique_users': 252, 'date': '2026-01-13', 'total_attempts': 12732, 'successful_attempts': 2699, 'run_attempts': 5727, 'submit_attempts': 7005}
2026-01-13 12:06:31,832 INFO: Доступ к Google Sheets получен
2026-01-13 12:06:32,638 INFO: Данные успешно загружены в Google Sheets
2026-01-13 12:06:43,612 ERROR: Ошибка работы с базой данных: connection to server at "80.87.194.200", port 5434 failed: Connection refused
	Is the server running on that host and accepting TCP/IP connections?

2026-01-13 12:06:43,612 INFO: Соединение с базой данных закрыто
2026-01-13 12:20:01,450 INFO: Подключение к базе данных установлено
2026-01-13 12:20:02,243 INFO: Создана Таблица grader_tetst2
2026-01-13 12:20:02,244 INFO: Соединение с базой данных закрыто
2026-01-13 12:25:31,717 INFO: Подключение к базе данных установлено
2026-01-13 12:25:32,518 INFO: Создана Таблица grader_attempts
2026-01-13 12:25:32,518 INFO: Начинаем загрузку данных в базу
2026-01-13 12:34:14,881 INFO: Соединение с базой данных закрыто
2026-01-13 12:38:12,948 INFO: Подключение к базе данных установлено
2026-01-13 12:38:13,741 INFO: Создана Таблица grader_attempts
2026-01-13 12:38:13,741 INFO: Данные успешно загружены 
2026-01-13 12:38:13,742 INFO: Соединение с базой данных закрыто
2026-01-13 12:38:57,905 INFO: Подключение к базе данных установлено
2026-01-13 12:38:58,693 INFO: Создана Таблица grader_attempts
2026-01-13 12:38:58,693 INFO: Данные успешно загружены 
2026-01-13 12:38:58,693 INFO: Соединение с базой данных закрыто
2026-01-13 12:50:47,750 INFO: Подключение к базе данных установлено
2026-01-13 12:50:48,546 INFO: Создана Таблица grader_attempts
2026-01-13 12:50:48,555 ERROR: Ошибка работы с базой данных: name 'execute_batch' is not defined
2026-01-13 12:50:48,555 INFO: Соединение с базой данных закрыто
2026-01-13 12:52:45,100 INFO: Подключение к базе данных установлено
2026-01-13 12:52:45,886 INFO: Создана Таблица grader_attempts
2026-01-13 12:54:08,555 INFO: Соединение с базой данных закрыто
2026-01-13 12:54:58,451 INFO: Подключение к базе данных установлено
2026-01-13 12:54:59,249 INFO: Создана Таблица grader_attempts
2026-01-13 12:54:59,250 ERROR: Ошибка работы с базой данных: name 'first_20_records' is not defined
2026-01-13 12:54:59,251 INFO: Соединение с базой данных закрыто
2026-01-13 12:56:45,780 INFO: Подключение к базе данных установлено
2026-01-13 12:56:46,564 INFO: Создана Таблица grader_attempts
2026-01-13 12:56:46,564 INFO: Будет вставлено 20 записей из первых 20
2026-01-13 12:56:52,315 INFO: Данные успешно загружены 
2026-01-13 12:56:52,315 INFO: Соединение с базой данных закрыто
2026-01-13 12:58:07,487 INFO: Подключение к базе данных установлено
2026-01-13 12:58:08,288 INFO: Создана Таблица grader_attempts
2026-01-13 12:58:08,288 INFO: Будет вставлено 200 записей из первых 200
2026-01-13 12:59:01,839 INFO: Данные успешно загружены 
2026-01-13 12:59:01,839 INFO: Соединение с базой данных закрыто
2026-01-13 13:05:00,118 INFO: Подключение к базе данных установлено
2026-01-13 13:05:00,906 INFO: Создана Таблица grader_attempts
