2026-01-11 23:03:46,221 INFO: Начинаем загрузку данных с API
2026-01-11 23:04:20,978 INFO: Данные успешно получены, записей: 13867
2026-01-11 23:04:21,089 INFO: Предобработка данных завершена, подготовлено 13867 записей
2026-01-11 23:04:21,113 INFO: Подключение к базе данных установлено
2026-01-11 23:04:21,114 INFO: Таблица grader_attempts готова
2026-01-11 23:04:21,114 INFO: Начинаем загрузку данных в базу
2026-01-11 23:04:22,741 INFO: Данные успешно загружены в базу
2026-01-11 23:04:22,741 INFO: Соединение с базой данных закрыто
2026-01-11 23:24:29,501 INFO: Начинаем загрузку данных с API
2026-01-11 23:25:09,041 INFO: Данные успешно получены, записей: 13871
2026-01-11 23:25:09,155 INFO: Предобработка данных завершена, подготовлено 13871 записей
2026-01-11 23:25:09,179 INFO: Подключение к базе данных установлено
2026-01-11 23:25:09,180 INFO: Таблица grader_attempts готова
2026-01-11 23:25:09,180 INFO: Начинаем загрузку данных в базу
2026-01-11 23:25:10,915 INFO: Данные успешно загружены в базу
2026-01-11 23:25:10,915 INFO: Соединение с базой данных закрыто
2026-01-11 23:25:10,917 INFO: Агрегированные данные: {'date': '2026-01-11', 'total_attempts': 13871, 'successful_attempts': 2907, 'unique_users': 266, 'run_attempts': 6339, 'submit_attempts': 7532, 'users_count': 266}
2026-01-11 23:25:11,502 ERROR: Ошибка при работе с Google Sheets: APIError: [403]: Request had insufficient authentication scopes.
2026-01-11 23:27:45,269 INFO: Начинаем загрузку данных с API
2026-01-11 23:28:18,459 INFO: Данные успешно получены, записей: 13871
2026-01-11 23:28:18,569 INFO: Предобработка данных завершена, подготовлено 13871 записей
2026-01-11 23:28:18,594 INFO: Подключение к базе данных установлено
2026-01-11 23:28:18,596 INFO: Таблица grader_attempts готова
2026-01-11 23:28:18,596 INFO: Начинаем загрузку данных в базу
2026-01-11 23:28:20,291 INFO: Данные успешно загружены в базу
2026-01-11 23:28:20,291 INFO: Соединение с базой данных закрыто
2026-01-11 23:28:20,293 INFO: Агрегированные данные: {'date': '2026-01-11', 'total_attempts': 13871, 'successful_attempts': 2907, 'unique_users': 266, 'run_attempts': 6339, 'submit_attempts': 7532, 'users_count': 266}
2026-01-11 23:28:22,303 INFO: Данные успешно загружены в Google Sheets
2026-01-11 23:30:33,344 INFO: Начинаем загрузку данных с API
2026-01-11 23:31:05,197 INFO: Данные успешно получены, записей: 12732
2026-01-11 23:31:05,310 INFO: Предобработка данных завершена, подготовлено 12732 записей
2026-01-11 23:31:05,326 INFO: Подключение к базе данных установлено
2026-01-11 23:31:05,327 INFO: Таблица grader_attempts готова
2026-01-11 23:31:05,328 INFO: Начинаем загрузку данных в базу
2026-01-11 23:31:07,072 INFO: Данные успешно загружены в базу
2026-01-11 23:31:07,072 INFO: Соединение с базой данных закрыто
2026-01-11 23:31:07,074 INFO: Агрегированные данные: {'date': '2026-01-11', 'total_attempts': 12732, 'successful_attempts': 2699, 'unique_users': 252, 'run_attempts': 5727, 'submit_attempts': 7005, 'users_count': 252}
2026-01-11 23:31:08,536 INFO: Данные успешно загружены в Google Sheets
